<?xml version="1.0" encoding="UTF-8"?>
<testsuite name="io.pravega.leaderelection.LeaderElectionTest" tests="1" skipped="0" failures="0" errors="0" timestamp="2018-09-27T21:41:27" hostname="wenxiao-VirtualBox" time="164.391">
  <properties/>
  <testcase name="testReElection5" classname="io.pravega.leaderelection.LeaderElectionTest" time="164.391"/>
  <system-out><![CDATA[Host-4
Host-3
Host-2
Host-1
Host-0
Host-4
Host-3
Host-2
Host-1
Host-0
Host-4
Host-3
Host-2
Host-1
Host-0
Host-4
Host-3
Host-2
Host-1
Host-0
Host-4
Host-3
Host-2
Host-1
Host-0
Host-4
Host-3
Host-2
Host-1
Host-0
Host-4
Host-3
Host-2
Host-1
Host-0
Host-4
Host-3
Host-2
Host-1
Host-0
Host-4
Host-3
Host-2
Host-1
Host-0
Host-4
Host-3
Host-2
Host-1
Host-0
Host-3
Host-2
Host-1
Host-3
Host-2
Host-1
Host-3
Host-2
Host-1
Host-3
Host-2
Host-1
Host-3
Host-2
Host-1
Host-3
Host-2
Host-1
Host-3
Host-2
Host-1
Host-3
Host-2
Host-1
Host-3
Host-2
Host-1
Host-3
Host-2
Host-1
Host-4
Host-3
Host-2
Host-4
Host-3
Host-2
Host-4
Host-3
Host-2
Host-4
Host-3
Host-2
Host-4
Host-3
Host-2
Host-4
Host-3
Host-2
Host-4
Host-3
Host-2
Host-4
Host-3
Host-2
Host-4
Host-3
Host-2
Host-4
Host-3
Host-2
]]></system-out>
  <system-err><![CDATA[[Test worker] WARN io.pravega.client.ClientConfig - The credentials are not specified or could not be extracted.
[Test worker] WARN io.pravega.client.ClientConfig - The credentials are not specified or could not be extracted.
[Test worker] INFO io.pravega.client.stream.impl.ControllerImpl - Controller client connecting to server at 127.0.0.1:9090
[Test worker] WARN io.pravega.client.ClientConfig - The credentials are not specified or could not be extracted.
[Test worker] WARN io.pravega.client.ClientConfig - The credentials are not specified or could not be extracted.
[Test worker] INFO io.pravega.client.stream.impl.ControllerImpl - Controller client connecting to server at 127.0.0.1:9090
[StreamManager-Controller-1] INFO io.pravega.client.stream.impl.ControllerResolverFactory - Updating client with controllers: [[addrs=[/127.0.0.1:9090], attrs={}]]
[grpc-default-executor-0] INFO io.pravega.client.stream.impl.ControllerImpl - Scope created successfully: test
[Test worker] INFO io.pravega.client.admin.impl.StreamManagerImpl - Creating scope/stream: test/leaderElection with configuration: StreamConfiguration(scope=null, streamName=null, scalingPolicy=ScalingPolicy(scaleType=FIXED_NUM_SEGMENTS, targetRate=0, scaleFactor=0, minNumSegments=1), retentionPolicy=null)
[grpc-default-executor-0] INFO io.pravega.client.stream.impl.ControllerImpl - Stream created successfully: leaderElection
[Test worker] INFO io.pravega.client.stream.impl.ClientFactoryImpl - Creating state synchronizer with stream: leaderElection and configuration: SynchronizerConfig(eventWriterConfig=EventWriterConfig(initalBackoffMillis=1, maxBackoffMillis=20000, retryAttempts=10, backoffMultiple=10, transactionTimeoutTime=29999))
[clientInternal-1] INFO io.pravega.client.stream.impl.ControllerResolverFactory - Updating client with controllers: [[addrs=[/127.0.0.1:9090], attrs={}]]
[Test worker] INFO io.pravega.client.stream.impl.ClientFactoryImpl - Creating revisioned stream client for stream: leaderElection with synchronizer configuration: SynchronizerConfig(eventWriterConfig=EventWriterConfig(initalBackoffMillis=1, maxBackoffMillis=20000, retryAttempts=10, backoffMultiple=10, transactionTimeoutTime=29999))
[epollEventLoopGroup-2-1] INFO io.pravega.client.netty.impl.ClientConnectionInboundHandler - Connection established ChannelHandlerContext(ClientConnectionInboundHandler#0, [id: 0xc5d244a6]) 
[epollEventLoopGroup-2-1] INFO io.pravega.shared.protocol.netty.FailingReplyProcessor - Received hello: WireCommands.Hello(type=HELLO, highVersion=5, lowVersion=5)
[clientInternal-1] INFO io.pravega.client.segment.impl.SegmentOutputStreamImpl - Fetching endpoint for segment test/leaderElection/0.#epoch.0, writerID: 241b6d4a-5407-471e-9f8c-01b4e407f5b6
[clientInternal-1] INFO io.pravega.client.segment.impl.SegmentOutputStreamImpl - Establishing connection to PravegaNodeUri(endpoint=127.0.1.1, port=6000) for test/leaderElection/0.#epoch.0, writerID: 241b6d4a-5407-471e-9f8c-01b4e407f5b6
[epollEventLoopGroup-2-2] INFO io.pravega.client.netty.impl.ClientConnectionInboundHandler - Connection established ChannelHandlerContext(ClientConnectionInboundHandler#0, [id: 0x24f602af]) 
[epollEventLoopGroup-2-2] INFO io.pravega.shared.protocol.netty.FailingReplyProcessor - Received hello: WireCommands.Hello(type=HELLO, highVersion=5, lowVersion=5)
[epollEventLoopGroup-2-2] INFO io.pravega.client.segment.impl.SegmentOutputStreamImpl - Received AppendSetup WireCommands.AppendSetup(type=APPEND_SETUP, requestId=1, segment=test/leaderElection/0.#epoch.0, writerId=241b6d4a-5407-471e-9f8c-01b4e407f5b6, lastEventNumber=-9223372036854775808)
[epollEventLoopGroup-2-2] INFO io.pravega.client.segment.impl.SegmentOutputStreamImpl - Connection setup complete for writer 241b6d4a-5407-471e-9f8c-01b4e407f5b6
[epollEventLoopGroup-2-1] INFO io.pravega.client.netty.impl.ClientConnectionInboundHandler - Connection established ChannelHandlerContext(ClientConnectionInboundHandler#0, [id: 0x4768be44]) 
[epollEventLoopGroup-2-1] INFO io.pravega.client.netty.impl.RawClient - Received hello: WireCommands.Hello(type=HELLO, highVersion=5, lowVersion=5)
[epollEventLoopGroup-2-2] INFO io.pravega.client.netty.impl.ClientConnectionInboundHandler - Connection established ChannelHandlerContext(ClientConnectionInboundHandler#0, [id: 0xfb8b89c3]) 
[epollEventLoopGroup-2-2] INFO io.pravega.client.netty.impl.RawClient - Received hello: WireCommands.Hello(type=HELLO, highVersion=5, lowVersion=5)
[Test worker] WARN io.pravega.client.ClientConfig - The credentials are not specified or could not be extracted.
[Test worker] WARN io.pravega.client.ClientConfig - The credentials are not specified or could not be extracted.
[Test worker] INFO io.pravega.client.stream.impl.ControllerImpl - Controller client connecting to server at 127.0.0.1:9090
[Test worker] WARN io.pravega.client.ClientConfig - The credentials are not specified or could not be extracted.
[Test worker] WARN io.pravega.client.ClientConfig - The credentials are not specified or could not be extracted.
[Test worker] INFO io.pravega.client.stream.impl.ControllerImpl - Controller client connecting to server at 127.0.0.1:9090
[StreamManager-Controller-1] INFO io.pravega.client.stream.impl.ControllerResolverFactory - Updating client with controllers: [[addrs=[/127.0.0.1:9090], attrs={}]]
[grpc-default-executor-0] WARN io.pravega.client.stream.impl.ControllerImpl - Scope already exists: test
[Test worker] INFO io.pravega.client.admin.impl.StreamManagerImpl - Creating scope/stream: test/leaderElection with configuration: StreamConfiguration(scope=null, streamName=null, scalingPolicy=ScalingPolicy(scaleType=FIXED_NUM_SEGMENTS, targetRate=0, scaleFactor=0, minNumSegments=1), retentionPolicy=null)
[grpc-default-executor-0] WARN io.pravega.client.stream.impl.ControllerImpl - Stream already exists: leaderElection
[Test worker] INFO io.pravega.client.stream.impl.ClientFactoryImpl - Creating state synchronizer with stream: leaderElection and configuration: SynchronizerConfig(eventWriterConfig=EventWriterConfig(initalBackoffMillis=1, maxBackoffMillis=20000, retryAttempts=10, backoffMultiple=10, transactionTimeoutTime=29999))
[clientInternal-1] INFO io.pravega.client.stream.impl.ControllerResolverFactory - Updating client with controllers: [[addrs=[/127.0.0.1:9090], attrs={}]]
[Test worker] INFO io.pravega.client.stream.impl.ClientFactoryImpl - Creating revisioned stream client for stream: leaderElection with synchronizer configuration: SynchronizerConfig(eventWriterConfig=EventWriterConfig(initalBackoffMillis=1, maxBackoffMillis=20000, retryAttempts=10, backoffMultiple=10, transactionTimeoutTime=29999))
[epollEventLoopGroup-5-1] INFO io.pravega.client.netty.impl.ClientConnectionInboundHandler - Connection established ChannelHandlerContext(ClientConnectionInboundHandler#0, [id: 0x09b2f3e9]) 
[epollEventLoopGroup-5-1] INFO io.pravega.shared.protocol.netty.FailingReplyProcessor - Received hello: WireCommands.Hello(type=HELLO, highVersion=5, lowVersion=5)
[clientInternal-1] INFO io.pravega.client.segment.impl.SegmentOutputStreamImpl - Fetching endpoint for segment test/leaderElection/0.#epoch.0, writerID: 6cc26950-3ac8-4ad8-94f3-49a96b61ab3c
[clientInternal-1] INFO io.pravega.client.segment.impl.SegmentOutputStreamImpl - Establishing connection to PravegaNodeUri(endpoint=127.0.1.1, port=6000) for test/leaderElection/0.#epoch.0, writerID: 6cc26950-3ac8-4ad8-94f3-49a96b61ab3c
[epollEventLoopGroup-5-1] INFO io.pravega.client.netty.impl.ClientConnectionInboundHandler - Connection established ChannelHandlerContext(ClientConnectionInboundHandler#0, [id: 0x0c7e937e]) 
[epollEventLoopGroup-5-1] INFO io.pravega.client.netty.impl.RawClient - Received hello: WireCommands.Hello(type=HELLO, highVersion=5, lowVersion=5)
[epollEventLoopGroup-5-2] INFO io.pravega.client.netty.impl.ClientConnectionInboundHandler - Connection established ChannelHandlerContext(ClientConnectionInboundHandler#0, [id: 0x7c285ab4]) 
[epollEventLoopGroup-5-2] INFO io.pravega.shared.protocol.netty.FailingReplyProcessor - Received hello: WireCommands.Hello(type=HELLO, highVersion=5, lowVersion=5)
[epollEventLoopGroup-5-2] INFO io.pravega.client.segment.impl.SegmentOutputStreamImpl - Received AppendSetup WireCommands.AppendSetup(type=APPEND_SETUP, requestId=1, segment=test/leaderElection/0.#epoch.0, writerId=6cc26950-3ac8-4ad8-94f3-49a96b61ab3c, lastEventNumber=-9223372036854775808)
[epollEventLoopGroup-5-2] INFO io.pravega.client.segment.impl.SegmentOutputStreamImpl - Connection setup complete for writer 6cc26950-3ac8-4ad8-94f3-49a96b61ab3c
[epollEventLoopGroup-5-2] INFO io.pravega.client.netty.impl.ClientConnectionInboundHandler - Connection established ChannelHandlerContext(ClientConnectionInboundHandler#0, [id: 0x64477637]) 
[epollEventLoopGroup-5-2] INFO io.pravega.client.netty.impl.RawClient - Received hello: WireCommands.Hello(type=HELLO, highVersion=5, lowVersion=5)
[pool-2-thread-1] INFO io.pravega.leaderelection.Client$Callback_Instance - The new leader is: Host-0
[Test worker] WARN io.pravega.client.ClientConfig - The credentials are not specified or could not be extracted.
[Test worker] WARN io.pravega.client.ClientConfig - The credentials are not specified or could not be extracted.
[Test worker] INFO io.pravega.client.stream.impl.ControllerImpl - Controller client connecting to server at 127.0.0.1:9090
[Test worker] WARN io.pravega.client.ClientConfig - The credentials are not specified or could not be extracted.
[Test worker] WARN io.pravega.client.ClientConfig - The credentials are not specified or could not be extracted.
[Test worker] INFO io.pravega.client.stream.impl.ControllerImpl - Controller client connecting to server at 127.0.0.1:9090
[StreamManager-Controller-1] INFO io.pravega.client.stream.impl.ControllerResolverFactory - Updating client with controllers: [[addrs=[/127.0.0.1:9090], attrs={}]]
[grpc-default-executor-0] WARN io.pravega.client.stream.impl.ControllerImpl - Scope already exists: test
[Test worker] INFO io.pravega.client.admin.impl.StreamManagerImpl - Creating scope/stream: test/leaderElection with configuration: StreamConfiguration(scope=null, streamName=null, scalingPolicy=ScalingPolicy(scaleType=FIXED_NUM_SEGMENTS, targetRate=0, scaleFactor=0, minNumSegments=1), retentionPolicy=null)
[grpc-default-executor-0] WARN io.pravega.client.stream.impl.ControllerImpl - Stream already exists: leaderElection
[Test worker] INFO io.pravega.client.stream.impl.ClientFactoryImpl - Creating state synchronizer with stream: leaderElection and configuration: SynchronizerConfig(eventWriterConfig=EventWriterConfig(initalBackoffMillis=1, maxBackoffMillis=20000, retryAttempts=10, backoffMultiple=10, transactionTimeoutTime=29999))
[clientInternal-1] INFO io.pravega.client.stream.impl.ControllerResolverFactory - Updating client with controllers: [[addrs=[/127.0.0.1:9090], attrs={}]]
[Test worker] INFO io.pravega.client.stream.impl.ClientFactoryImpl - Creating revisioned stream client for stream: leaderElection with synchronizer configuration: SynchronizerConfig(eventWriterConfig=EventWriterConfig(initalBackoffMillis=1, maxBackoffMillis=20000, retryAttempts=10, backoffMultiple=10, transactionTimeoutTime=29999))
[epollEventLoopGroup-6-1] INFO io.pravega.client.netty.impl.ClientConnectionInboundHandler - Connection established ChannelHandlerContext(ClientConnectionInboundHandler#0, [id: 0x00066cb5]) 
[epollEventLoopGroup-6-1] INFO io.pravega.shared.protocol.netty.FailingReplyProcessor - Received hello: WireCommands.Hello(type=HELLO, highVersion=5, lowVersion=5)
[clientInternal-1] INFO io.pravega.client.segment.impl.SegmentOutputStreamImpl - Fetching endpoint for segment test/leaderElection/0.#epoch.0, writerID: 8f717ef5-eb0b-485e-8711-44b3899d9d93
[clientInternal-1] INFO io.pravega.client.segment.impl.SegmentOutputStreamImpl - Establishing connection to PravegaNodeUri(endpoint=127.0.1.1, port=6000) for test/leaderElection/0.#epoch.0, writerID: 8f717ef5-eb0b-485e-8711-44b3899d9d93
[epollEventLoopGroup-6-2] INFO io.pravega.client.netty.impl.ClientConnectionInboundHandler - Connection established ChannelHandlerContext(ClientConnectionInboundHandler#0, [id: 0x22c34ae0]) 
[epollEventLoopGroup-6-1] INFO io.pravega.client.netty.impl.ClientConnectionInboundHandler - Connection established ChannelHandlerContext(ClientConnectionInboundHandler#0, [id: 0x84aa3ff1]) 
[epollEventLoopGroup-6-1] INFO io.pravega.client.netty.impl.RawClient - Received hello: WireCommands.Hello(type=HELLO, highVersion=5, lowVersion=5)
[epollEventLoopGroup-6-2] INFO io.pravega.shared.protocol.netty.FailingReplyProcessor - Received hello: WireCommands.Hello(type=HELLO, highVersion=5, lowVersion=5)
[epollEventLoopGroup-6-2] INFO io.pravega.client.segment.impl.SegmentOutputStreamImpl - Received AppendSetup WireCommands.AppendSetup(type=APPEND_SETUP, requestId=1, segment=test/leaderElection/0.#epoch.0, writerId=8f717ef5-eb0b-485e-8711-44b3899d9d93, lastEventNumber=-9223372036854775808)
[epollEventLoopGroup-6-2] INFO io.pravega.client.segment.impl.SegmentOutputStreamImpl - Connection setup complete for writer 8f717ef5-eb0b-485e-8711-44b3899d9d93
[epollEventLoopGroup-6-2] INFO io.pravega.client.netty.impl.ClientConnectionInboundHandler - Connection established ChannelHandlerContext(ClientConnectionInboundHandler#0, [id: 0xa55d0a08]) 
[epollEventLoopGroup-6-2] INFO io.pravega.client.netty.impl.RawClient - Received hello: WireCommands.Hello(type=HELLO, highVersion=5, lowVersion=5)
[Test worker] WARN io.pravega.client.ClientConfig - The credentials are not specified or could not be extracted.
[Test worker] WARN io.pravega.client.ClientConfig - The credentials are not specified or could not be extracted.
[Test worker] INFO io.pravega.client.stream.impl.ControllerImpl - Controller client connecting to server at 127.0.0.1:9090
[Test worker] WARN io.pravega.client.ClientConfig - The credentials are not specified or could not be extracted.
[Test worker] WARN io.pravega.client.ClientConfig - The credentials are not specified or could not be extracted.
[Test worker] INFO io.pravega.client.stream.impl.ControllerImpl - Controller client connecting to server at 127.0.0.1:9090
[StreamManager-Controller-1] INFO io.pravega.client.stream.impl.ControllerResolverFactory - Updating client with controllers: [[addrs=[/127.0.0.1:9090], attrs={}]]
[grpc-default-executor-1] WARN io.pravega.client.stream.impl.ControllerImpl - Scope already exists: test
[Test worker] INFO io.pravega.client.admin.impl.StreamManagerImpl - Creating scope/stream: test/leaderElection with configuration: StreamConfiguration(scope=null, streamName=null, scalingPolicy=ScalingPolicy(scaleType=FIXED_NUM_SEGMENTS, targetRate=0, scaleFactor=0, minNumSegments=1), retentionPolicy=null)
[grpc-default-executor-1] WARN io.pravega.client.stream.impl.ControllerImpl - Stream already exists: leaderElection
[Test worker] INFO io.pravega.client.stream.impl.ClientFactoryImpl - Creating state synchronizer with stream: leaderElection and configuration: SynchronizerConfig(eventWriterConfig=EventWriterConfig(initalBackoffMillis=1, maxBackoffMillis=20000, retryAttempts=10, backoffMultiple=10, transactionTimeoutTime=29999))
[clientInternal-1] INFO io.pravega.client.stream.impl.ControllerResolverFactory - Updating client with controllers: [[addrs=[/127.0.0.1:9090], attrs={}]]
[Test worker] INFO io.pravega.client.stream.impl.ClientFactoryImpl - Creating revisioned stream client for stream: leaderElection with synchronizer configuration: SynchronizerConfig(eventWriterConfig=EventWriterConfig(initalBackoffMillis=1, maxBackoffMillis=20000, retryAttempts=10, backoffMultiple=10, transactionTimeoutTime=29999))
[epollEventLoopGroup-7-1] INFO io.pravega.client.netty.impl.ClientConnectionInboundHandler - Connection established ChannelHandlerContext(ClientConnectionInboundHandler#0, [id: 0xb6f6b3a2]) 
[clientInternal-1] INFO io.pravega.client.segment.impl.SegmentOutputStreamImpl - Fetching endpoint for segment test/leaderElection/0.#epoch.0, writerID: 2b366993-d9eb-4234-802f-fd62357c144d
[epollEventLoopGroup-7-1] INFO io.pravega.shared.protocol.netty.FailingReplyProcessor - Received hello: WireCommands.Hello(type=HELLO, highVersion=5, lowVersion=5)
[clientInternal-1] INFO io.pravega.client.segment.impl.SegmentOutputStreamImpl - Establishing connection to PravegaNodeUri(endpoint=127.0.1.1, port=6000) for test/leaderElection/0.#epoch.0, writerID: 2b366993-d9eb-4234-802f-fd62357c144d
[epollEventLoopGroup-7-1] INFO io.pravega.client.netty.impl.ClientConnectionInboundHandler - Connection established ChannelHandlerContext(ClientConnectionInboundHandler#0, [id: 0xe75fbde6]) 
[epollEventLoopGroup-7-1] INFO io.pravega.client.netty.impl.RawClient - Received hello: WireCommands.Hello(type=HELLO, highVersion=5, lowVersion=5)
[epollEventLoopGroup-7-2] INFO io.pravega.client.netty.impl.ClientConnectionInboundHandler - Connection established ChannelHandlerContext(ClientConnectionInboundHandler#0, [id: 0x0a9eb10e]) 
[epollEventLoopGroup-7-2] INFO io.pravega.shared.protocol.netty.FailingReplyProcessor - Received hello: WireCommands.Hello(type=HELLO, highVersion=5, lowVersion=5)
[epollEventLoopGroup-7-2] INFO io.pravega.client.segment.impl.SegmentOutputStreamImpl - Received AppendSetup WireCommands.AppendSetup(type=APPEND_SETUP, requestId=1, segment=test/leaderElection/0.#epoch.0, writerId=2b366993-d9eb-4234-802f-fd62357c144d, lastEventNumber=-9223372036854775808)
[epollEventLoopGroup-7-2] INFO io.pravega.client.segment.impl.SegmentOutputStreamImpl - Connection setup complete for writer 2b366993-d9eb-4234-802f-fd62357c144d
[epollEventLoopGroup-7-2] INFO io.pravega.client.netty.impl.ClientConnectionInboundHandler - Connection established ChannelHandlerContext(ClientConnectionInboundHandler#0, [id: 0x1ba5db93]) 
[epollEventLoopGroup-7-2] INFO io.pravega.client.netty.impl.RawClient - Received hello: WireCommands.Hello(type=HELLO, highVersion=5, lowVersion=5)
[Test worker] WARN io.pravega.client.ClientConfig - The credentials are not specified or could not be extracted.
[Test worker] WARN io.pravega.client.ClientConfig - The credentials are not specified or could not be extracted.
[Test worker] INFO io.pravega.client.stream.impl.ControllerImpl - Controller client connecting to server at 127.0.0.1:9090
[Test worker] WARN io.pravega.client.ClientConfig - The credentials are not specified or could not be extracted.
[Test worker] WARN io.pravega.client.ClientConfig - The credentials are not specified or could not be extracted.
[Test worker] INFO io.pravega.client.stream.impl.ControllerImpl - Controller client connecting to server at 127.0.0.1:9090
[StreamManager-Controller-1] INFO io.pravega.client.stream.impl.ControllerResolverFactory - Updating client with controllers: [[addrs=[/127.0.0.1:9090], attrs={}]]
[grpc-default-executor-1] WARN io.pravega.client.stream.impl.ControllerImpl - Scope already exists: test
[Test worker] INFO io.pravega.client.admin.impl.StreamManagerImpl - Creating scope/stream: test/leaderElection with configuration: StreamConfiguration(scope=null, streamName=null, scalingPolicy=ScalingPolicy(scaleType=FIXED_NUM_SEGMENTS, targetRate=0, scaleFactor=0, minNumSegments=1), retentionPolicy=null)
[grpc-default-executor-1] WARN io.pravega.client.stream.impl.ControllerImpl - Stream already exists: leaderElection
[Test worker] INFO io.pravega.client.stream.impl.ClientFactoryImpl - Creating state synchronizer with stream: leaderElection and configuration: SynchronizerConfig(eventWriterConfig=EventWriterConfig(initalBackoffMillis=1, maxBackoffMillis=20000, retryAttempts=10, backoffMultiple=10, transactionTimeoutTime=29999))
[clientInternal-1] INFO io.pravega.client.stream.impl.ControllerResolverFactory - Updating client with controllers: [[addrs=[/127.0.0.1:9090], attrs={}]]
[Test worker] INFO io.pravega.client.stream.impl.ClientFactoryImpl - Creating revisioned stream client for stream: leaderElection with synchronizer configuration: SynchronizerConfig(eventWriterConfig=EventWriterConfig(initalBackoffMillis=1, maxBackoffMillis=20000, retryAttempts=10, backoffMultiple=10, transactionTimeoutTime=29999))
[epollEventLoopGroup-8-1] INFO io.pravega.client.netty.impl.ClientConnectionInboundHandler - Connection established ChannelHandlerContext(ClientConnectionInboundHandler#0, [id: 0xf0664e33]) 
[epollEventLoopGroup-8-1] INFO io.pravega.shared.protocol.netty.FailingReplyProcessor - Received hello: WireCommands.Hello(type=HELLO, highVersion=5, lowVersion=5)
[clientInternal-1] INFO io.pravega.client.segment.impl.SegmentOutputStreamImpl - Fetching endpoint for segment test/leaderElection/0.#epoch.0, writerID: 2e60a99e-de8f-43e5-ae59-c5025a4e1810
[clientInternal-1] INFO io.pravega.client.segment.impl.SegmentOutputStreamImpl - Establishing connection to PravegaNodeUri(endpoint=127.0.1.1, port=6000) for test/leaderElection/0.#epoch.0, writerID: 2e60a99e-de8f-43e5-ae59-c5025a4e1810
[epollEventLoopGroup-8-1] INFO io.pravega.client.netty.impl.ClientConnectionInboundHandler - Connection established ChannelHandlerContext(ClientConnectionInboundHandler#0, [id: 0xd98e0e58]) 
[epollEventLoopGroup-8-2] INFO io.pravega.client.netty.impl.ClientConnectionInboundHandler - Connection established ChannelHandlerContext(ClientConnectionInboundHandler#0, [id: 0x483713ac]) 
[epollEventLoopGroup-8-2] INFO io.pravega.client.netty.impl.RawClient - Received hello: WireCommands.Hello(type=HELLO, highVersion=5, lowVersion=5)
[epollEventLoopGroup-8-1] INFO io.pravega.shared.protocol.netty.FailingReplyProcessor - Received hello: WireCommands.Hello(type=HELLO, highVersion=5, lowVersion=5)
[epollEventLoopGroup-8-1] INFO io.pravega.client.segment.impl.SegmentOutputStreamImpl - Received AppendSetup WireCommands.AppendSetup(type=APPEND_SETUP, requestId=1, segment=test/leaderElection/0.#epoch.0, writerId=2e60a99e-de8f-43e5-ae59-c5025a4e1810, lastEventNumber=-9223372036854775808)
[epollEventLoopGroup-8-1] INFO io.pravega.client.segment.impl.SegmentOutputStreamImpl - Connection setup complete for writer 2e60a99e-de8f-43e5-ae59-c5025a4e1810
[epollEventLoopGroup-8-2] INFO io.pravega.client.netty.impl.ClientConnectionInboundHandler - Connection established ChannelHandlerContext(ClientConnectionInboundHandler#0, [id: 0x0c66b51c]) 
[epollEventLoopGroup-8-2] INFO io.pravega.client.netty.impl.RawClient - Received hello: WireCommands.Hello(type=HELLO, highVersion=5, lowVersion=5)
[Thread-7] INFO io.pravega.client.state.impl.StateSynchronizerImpl - Closing stateSynchronizer 
[Thread-8] INFO io.pravega.client.state.impl.StateSynchronizerImpl - Closing stateSynchronizer 
[Thread-4] INFO io.pravega.client.state.impl.StateSynchronizerImpl - Closing stateSynchronizer 
[epollEventLoopGroup-8-1] INFO io.pravega.client.segment.impl.SegmentOutputStreamImpl - Failing connection for writer 2e60a99e-de8f-43e5-ae59-c5025a4e1810 with exception io.pravega.shared.protocol.netty.ConnectionFailedException
[epollEventLoopGroup-8-1] INFO io.pravega.client.segment.impl.SegmentOutputStreamImpl - Handling exception io.pravega.shared.protocol.netty.ConnectionFailedException for connection io.pravega.client.netty.impl.ClientConnectionInboundHandler@6683144d on writer 2e60a99e-de8f-43e5-ae59-c5025a4e1810. SetupCompleted: true, Closed: true
[epollEventLoopGroup-7-2] INFO io.pravega.client.segment.impl.SegmentOutputStreamImpl - Failing connection for writer 2b366993-d9eb-4234-802f-fd62357c144d with exception io.pravega.shared.protocol.netty.ConnectionFailedException
[epollEventLoopGroup-7-2] INFO io.pravega.client.segment.impl.SegmentOutputStreamImpl - Handling exception io.pravega.shared.protocol.netty.ConnectionFailedException for connection io.pravega.client.netty.impl.ClientConnectionInboundHandler@15a76c5e on writer 2b366993-d9eb-4234-802f-fd62357c144d. SetupCompleted: true, Closed: true
[epollEventLoopGroup-2-2] INFO io.pravega.client.segment.impl.SegmentOutputStreamImpl - Failing connection for writer 241b6d4a-5407-471e-9f8c-01b4e407f5b6 with exception io.pravega.shared.protocol.netty.ConnectionFailedException
[epollEventLoopGroup-2-2] INFO io.pravega.client.segment.impl.SegmentOutputStreamImpl - Handling exception io.pravega.shared.protocol.netty.ConnectionFailedException for connection io.pravega.client.netty.impl.ClientConnectionInboundHandler@3a675d63 on writer 241b6d4a-5407-471e-9f8c-01b4e407f5b6. SetupCompleted: true, Closed: true
[Thread-4] INFO io.pravega.client.segment.impl.ConditionalOutputStreamImpl - Closing segment metadata connection for test/leaderElection/0.#epoch.0
[Thread-7] INFO io.pravega.client.segment.impl.ConditionalOutputStreamImpl - Closing segment metadata connection for test/leaderElection/0.#epoch.0
[Thread-7] INFO io.pravega.client.segment.impl.ConditionalOutputStreamImpl - Closing connection as a result of receiving: Closed call
[Thread-7] INFO io.pravega.client.netty.impl.RawClient - Closing connection with exception: null
[Thread-4] INFO io.pravega.client.segment.impl.ConditionalOutputStreamImpl - Closing connection as a result of receiving: Closed call
[Thread-4] INFO io.pravega.client.netty.impl.RawClient - Closing connection with exception: null
[Thread-8] INFO io.pravega.client.segment.impl.ConditionalOutputStreamImpl - Closing segment metadata connection for test/leaderElection/0.#epoch.0
[Thread-8] INFO io.pravega.client.segment.impl.ConditionalOutputStreamImpl - Closing connection as a result of receiving: Closed call
[epollEventLoopGroup-2-2] INFO io.pravega.client.netty.impl.RawClient - Closing connection with exception: null
[Thread-8] INFO io.pravega.client.netty.impl.RawClient - Closing connection with exception: null
[epollEventLoopGroup-8-2] INFO io.pravega.client.netty.impl.RawClient - Closing connection with exception: null
[Thread-8] INFO io.pravega.client.segment.impl.SegmentMetadataClientImpl - Closing segment metadata connection for test/leaderElection/0.#epoch.0
[epollEventLoopGroup-7-2] INFO io.pravega.client.netty.impl.RawClient - Closing connection with exception: null
[Thread-4] INFO io.pravega.client.segment.impl.SegmentMetadataClientImpl - Closing segment metadata connection for test/leaderElection/0.#epoch.0
[Thread-4] INFO io.pravega.client.segment.impl.SegmentMetadataClientImpl - Closing connection with exception: null
[Thread-4] INFO io.pravega.client.netty.impl.RawClient - Closing connection with exception: null
[epollEventLoopGroup-2-1] INFO io.pravega.client.netty.impl.RawClient - Closing connection with exception: null
[Thread-6] INFO io.pravega.client.state.impl.StateSynchronizerImpl - Closing stateSynchronizer 
[epollEventLoopGroup-6-2] INFO io.pravega.client.segment.impl.SegmentOutputStreamImpl - Failing connection for writer 8f717ef5-eb0b-485e-8711-44b3899d9d93 with exception io.pravega.shared.protocol.netty.ConnectionFailedException
[epollEventLoopGroup-6-2] INFO io.pravega.client.segment.impl.SegmentOutputStreamImpl - Handling exception io.pravega.shared.protocol.netty.ConnectionFailedException for connection io.pravega.client.netty.impl.ClientConnectionInboundHandler@662451c0 on writer 8f717ef5-eb0b-485e-8711-44b3899d9d93. SetupCompleted: true, Closed: true
[Thread-6] INFO io.pravega.client.segment.impl.ConditionalOutputStreamImpl - Closing segment metadata connection for test/leaderElection/0.#epoch.0
[Thread-6] INFO io.pravega.client.segment.impl.ConditionalOutputStreamImpl - Closing connection as a result of receiving: Closed call
[Thread-6] INFO io.pravega.client.netty.impl.RawClient - Closing connection with exception: null
[epollEventLoopGroup-6-2] INFO io.pravega.client.netty.impl.RawClient - Closing connection with exception: null
[Thread-6] INFO io.pravega.client.segment.impl.SegmentMetadataClientImpl - Closing segment metadata connection for test/leaderElection/0.#epoch.0
[Thread-6] INFO io.pravega.client.segment.impl.SegmentMetadataClientImpl - Closing connection with exception: null
[Thread-8] INFO io.pravega.client.segment.impl.SegmentMetadataClientImpl - Closing connection with exception: null
[Thread-8] INFO io.pravega.client.netty.impl.RawClient - Closing connection with exception: null
[epollEventLoopGroup-8-2] INFO io.pravega.client.netty.impl.RawClient - Closing connection with exception: null
[Thread-8] INFO io.pravega.client.segment.impl.AsyncSegmentInputStreamImpl - Closing reader for test/leaderElection/0.#epoch.0
[Thread-7] INFO io.pravega.client.segment.impl.SegmentMetadataClientImpl - Closing segment metadata connection for test/leaderElection/0.#epoch.0
[Thread-7] INFO io.pravega.client.segment.impl.SegmentMetadataClientImpl - Closing connection with exception: null
[Thread-8] INFO io.pravega.client.segment.impl.AsyncSegmentInputStreamImpl - Closing connection to segment: test/leaderElection/0.#epoch.0
[Thread-4] INFO io.pravega.client.segment.impl.AsyncSegmentInputStreamImpl - Closing reader for test/leaderElection/0.#epoch.0
[Thread-7] INFO io.pravega.client.netty.impl.RawClient - Closing connection with exception: null
[epollEventLoopGroup-7-1] INFO io.pravega.client.netty.impl.RawClient - Closing connection with exception: null
[Thread-7] INFO io.pravega.client.segment.impl.AsyncSegmentInputStreamImpl - Closing reader for test/leaderElection/0.#epoch.0
[Thread-7] INFO io.pravega.client.segment.impl.AsyncSegmentInputStreamImpl - Closing connection to segment: test/leaderElection/0.#epoch.0
[epollEventLoopGroup-7-1] INFO io.pravega.client.segment.impl.AsyncSegmentInputStreamImpl - Closing connection to segment: test/leaderElection/0.#epoch.0
[epollEventLoopGroup-7-1] INFO io.pravega.client.segment.impl.AsyncSegmentInputStreamImpl - Connection failed due to a io.pravega.shared.protocol.netty.ConnectionFailedException. Read requests will be retransmitted.
[epollEventLoopGroup-8-1] INFO io.pravega.client.segment.impl.AsyncSegmentInputStreamImpl - Closing connection to segment: test/leaderElection/0.#epoch.0
[epollEventLoopGroup-8-1] INFO io.pravega.client.segment.impl.AsyncSegmentInputStreamImpl - Connection failed due to a io.pravega.shared.protocol.netty.ConnectionFailedException. Read requests will be retransmitted.
[Thread-8] INFO io.pravega.client.segment.impl.AsyncSegmentInputStreamImpl - Connection failed due to a io.pravega.client.stream.impl.ConnectionClosedException. Read requests will be retransmitted.
[Thread-4] INFO io.pravega.client.segment.impl.AsyncSegmentInputStreamImpl - Closing connection to segment: test/leaderElection/0.#epoch.0
[epollEventLoopGroup-2-1] INFO io.pravega.client.segment.impl.AsyncSegmentInputStreamImpl - Closing connection to segment: test/leaderElection/0.#epoch.0
[epollEventLoopGroup-2-1] INFO io.pravega.client.segment.impl.AsyncSegmentInputStreamImpl - Connection failed due to a io.pravega.shared.protocol.netty.ConnectionFailedException. Read requests will be retransmitted.
[Thread-4] INFO io.pravega.client.segment.impl.AsyncSegmentInputStreamImpl - Connection failed due to a io.pravega.client.stream.impl.ConnectionClosedException. Read requests will be retransmitted.
[Thread-4] INFO io.pravega.client.stream.impl.ControllerResolverFactory - Shutting down ControllerNameResolver
[Thread-7] INFO io.pravega.client.segment.impl.AsyncSegmentInputStreamImpl - Connection failed due to a io.pravega.client.stream.impl.ConnectionClosedException. Read requests will be retransmitted.
[Thread-7] INFO io.pravega.client.stream.impl.ControllerResolverFactory - Shutting down ControllerNameResolver
[Thread-6] INFO io.pravega.client.netty.impl.RawClient - Closing connection with exception: null
[epollEventLoopGroup-6-1] INFO io.pravega.client.netty.impl.RawClient - Closing connection with exception: null
[Thread-6] INFO io.pravega.client.segment.impl.AsyncSegmentInputStreamImpl - Closing reader for test/leaderElection/0.#epoch.0
[Thread-6] INFO io.pravega.client.segment.impl.AsyncSegmentInputStreamImpl - Closing connection to segment: test/leaderElection/0.#epoch.0
[epollEventLoopGroup-6-1] INFO io.pravega.client.segment.impl.AsyncSegmentInputStreamImpl - Closing connection to segment: test/leaderElection/0.#epoch.0
[epollEventLoopGroup-6-1] INFO io.pravega.client.segment.impl.AsyncSegmentInputStreamImpl - Connection failed due to a io.pravega.shared.protocol.netty.ConnectionFailedException. Read requests will be retransmitted.
[Thread-6] INFO io.pravega.client.segment.impl.AsyncSegmentInputStreamImpl - Connection failed due to a io.pravega.client.stream.impl.ConnectionClosedException. Read requests will be retransmitted.
[Thread-8] INFO io.pravega.client.stream.impl.ControllerResolverFactory - Shutting down ControllerNameResolver
[Thread-6] INFO io.pravega.client.stream.impl.ControllerResolverFactory - Shutting down ControllerNameResolver
[Thread-6] INFO io.pravega.client.stream.impl.ControllerResolverFactory - Shutting down ControllerNameResolver
[Thread-6] INFO io.pravega.client.netty.impl.ConnectionFactoryImpl - Shutting down connection factory
[Thread-7] INFO io.pravega.client.stream.impl.ControllerResolverFactory - Shutting down ControllerNameResolver
[Thread-7] INFO io.pravega.client.netty.impl.ConnectionFactoryImpl - Shutting down connection factory
[Thread-4] INFO io.pravega.client.stream.impl.ControllerResolverFactory - Shutting down ControllerNameResolver
[Thread-4] INFO io.pravega.client.netty.impl.ConnectionFactoryImpl - Shutting down connection factory
[Thread-8] INFO io.pravega.client.stream.impl.ControllerResolverFactory - Shutting down ControllerNameResolver
[Thread-8] INFO io.pravega.client.netty.impl.ConnectionFactoryImpl - Shutting down connection factory
[Test worker] WARN io.pravega.client.ClientConfig - The credentials are not specified or could not be extracted.
[Test worker] WARN io.pravega.client.ClientConfig - The credentials are not specified or could not be extracted.
[Test worker] INFO io.pravega.client.stream.impl.ControllerImpl - Controller client connecting to server at 127.0.0.1:9090
[Test worker] WARN io.pravega.client.ClientConfig - The credentials are not specified or could not be extracted.
[Test worker] WARN io.pravega.client.ClientConfig - The credentials are not specified or could not be extracted.
[Test worker] INFO io.pravega.client.stream.impl.ControllerImpl - Controller client connecting to server at 127.0.0.1:9090
[StreamManager-Controller-1] INFO io.pravega.client.stream.impl.ControllerResolverFactory - Updating client with controllers: [[addrs=[/127.0.0.1:9090], attrs={}]]
[grpc-default-executor-0] WARN io.pravega.client.stream.impl.ControllerImpl - Scope already exists: test
[Test worker] INFO io.pravega.client.admin.impl.StreamManagerImpl - Creating scope/stream: test/leaderElection with configuration: StreamConfiguration(scope=null, streamName=null, scalingPolicy=ScalingPolicy(scaleType=FIXED_NUM_SEGMENTS, targetRate=0, scaleFactor=0, minNumSegments=1), retentionPolicy=null)
[grpc-default-executor-0] WARN io.pravega.client.stream.impl.ControllerImpl - Stream already exists: leaderElection
[Test worker] INFO io.pravega.client.stream.impl.ClientFactoryImpl - Creating state synchronizer with stream: leaderElection and configuration: SynchronizerConfig(eventWriterConfig=EventWriterConfig(initalBackoffMillis=1, maxBackoffMillis=20000, retryAttempts=10, backoffMultiple=10, transactionTimeoutTime=29999))
[clientInternal-1] INFO io.pravega.client.stream.impl.ControllerResolverFactory - Updating client with controllers: [[addrs=[/127.0.0.1:9090], attrs={}]]
[Test worker] INFO io.pravega.client.stream.impl.ClientFactoryImpl - Creating revisioned stream client for stream: leaderElection with synchronizer configuration: SynchronizerConfig(eventWriterConfig=EventWriterConfig(initalBackoffMillis=1, maxBackoffMillis=20000, retryAttempts=10, backoffMultiple=10, transactionTimeoutTime=29999))
[epollEventLoopGroup-9-1] INFO io.pravega.client.netty.impl.ClientConnectionInboundHandler - Connection established ChannelHandlerContext(ClientConnectionInboundHandler#0, [id: 0xd69c6059]) 
[clientInternal-1] INFO io.pravega.client.segment.impl.SegmentOutputStreamImpl - Fetching endpoint for segment test/leaderElection/0.#epoch.0, writerID: 91aa41a7-8d6d-4fb9-8e70-e39471d6e9a7
[epollEventLoopGroup-9-1] INFO io.pravega.shared.protocol.netty.FailingReplyProcessor - Received hello: WireCommands.Hello(type=HELLO, highVersion=5, lowVersion=5)
[clientInternal-1] INFO io.pravega.client.segment.impl.SegmentOutputStreamImpl - Establishing connection to PravegaNodeUri(endpoint=127.0.1.1, port=6000) for test/leaderElection/0.#epoch.0, writerID: 91aa41a7-8d6d-4fb9-8e70-e39471d6e9a7
[epollEventLoopGroup-9-1] INFO io.pravega.client.netty.impl.ClientConnectionInboundHandler - Connection established ChannelHandlerContext(ClientConnectionInboundHandler#0, [id: 0x57b66708]) 
[epollEventLoopGroup-9-2] INFO io.pravega.client.netty.impl.ClientConnectionInboundHandler - Connection established ChannelHandlerContext(ClientConnectionInboundHandler#0, [id: 0x0d36372e]) 
[epollEventLoopGroup-9-1] INFO io.pravega.shared.protocol.netty.FailingReplyProcessor - Received hello: WireCommands.Hello(type=HELLO, highVersion=5, lowVersion=5)
[epollEventLoopGroup-9-2] INFO io.pravega.client.netty.impl.RawClient - Received hello: WireCommands.Hello(type=HELLO, highVersion=5, lowVersion=5)
[epollEventLoopGroup-9-2] INFO io.pravega.client.netty.impl.ClientConnectionInboundHandler - Connection established ChannelHandlerContext(ClientConnectionInboundHandler#0, [id: 0x6431f64c]) 
[epollEventLoopGroup-9-2] INFO io.pravega.client.netty.impl.RawClient - Received hello: WireCommands.Hello(type=HELLO, highVersion=5, lowVersion=5)
[epollEventLoopGroup-9-1] INFO io.pravega.client.segment.impl.SegmentOutputStreamImpl - Received AppendSetup WireCommands.AppendSetup(type=APPEND_SETUP, requestId=1, segment=test/leaderElection/0.#epoch.0, writerId=91aa41a7-8d6d-4fb9-8e70-e39471d6e9a7, lastEventNumber=-9223372036854775808)
[epollEventLoopGroup-9-1] INFO io.pravega.client.segment.impl.SegmentOutputStreamImpl - Connection setup complete for writer 91aa41a7-8d6d-4fb9-8e70-e39471d6e9a7
[Test worker] WARN io.pravega.client.ClientConfig - The credentials are not specified or could not be extracted.
[Test worker] WARN io.pravega.client.ClientConfig - The credentials are not specified or could not be extracted.
[Test worker] INFO io.pravega.client.stream.impl.ControllerImpl - Controller client connecting to server at 127.0.0.1:9090
[Test worker] WARN io.pravega.client.ClientConfig - The credentials are not specified or could not be extracted.
[Test worker] WARN io.pravega.client.ClientConfig - The credentials are not specified or could not be extracted.
[Test worker] INFO io.pravega.client.stream.impl.ControllerImpl - Controller client connecting to server at 127.0.0.1:9090
[StreamManager-Controller-1] INFO io.pravega.client.stream.impl.ControllerResolverFactory - Updating client with controllers: [[addrs=[/127.0.0.1:9090], attrs={}]]
[grpc-default-executor-1] WARN io.pravega.client.stream.impl.ControllerImpl - Scope already exists: test
[Test worker] INFO io.pravega.client.admin.impl.StreamManagerImpl - Creating scope/stream: test/leaderElection with configuration: StreamConfiguration(scope=null, streamName=null, scalingPolicy=ScalingPolicy(scaleType=FIXED_NUM_SEGMENTS, targetRate=0, scaleFactor=0, minNumSegments=1), retentionPolicy=null)
[grpc-default-executor-1] WARN io.pravega.client.stream.impl.ControllerImpl - Stream already exists: leaderElection
[Test worker] INFO io.pravega.client.stream.impl.ClientFactoryImpl - Creating state synchronizer with stream: leaderElection and configuration: SynchronizerConfig(eventWriterConfig=EventWriterConfig(initalBackoffMillis=1, maxBackoffMillis=20000, retryAttempts=10, backoffMultiple=10, transactionTimeoutTime=29999))
[clientInternal-1] INFO io.pravega.client.stream.impl.ControllerResolverFactory - Updating client with controllers: [[addrs=[/127.0.0.1:9090], attrs={}]]
[Test worker] INFO io.pravega.client.stream.impl.ClientFactoryImpl - Creating revisioned stream client for stream: leaderElection with synchronizer configuration: SynchronizerConfig(eventWriterConfig=EventWriterConfig(initalBackoffMillis=1, maxBackoffMillis=20000, retryAttempts=10, backoffMultiple=10, transactionTimeoutTime=29999))
[epollEventLoopGroup-10-1] INFO io.pravega.client.netty.impl.ClientConnectionInboundHandler - Connection established ChannelHandlerContext(ClientConnectionInboundHandler#0, [id: 0x882185df]) 
[epollEventLoopGroup-10-1] INFO io.pravega.shared.protocol.netty.FailingReplyProcessor - Received hello: WireCommands.Hello(type=HELLO, highVersion=5, lowVersion=5)
[clientInternal-1] INFO io.pravega.client.segment.impl.SegmentOutputStreamImpl - Fetching endpoint for segment test/leaderElection/0.#epoch.0, writerID: fb89521a-0f90-4335-8cff-2ae92994e4ba
[clientInternal-1] INFO io.pravega.client.segment.impl.SegmentOutputStreamImpl - Establishing connection to PravegaNodeUri(endpoint=127.0.1.1, port=6000) for test/leaderElection/0.#epoch.0, writerID: fb89521a-0f90-4335-8cff-2ae92994e4ba
[epollEventLoopGroup-10-1] INFO io.pravega.client.netty.impl.ClientConnectionInboundHandler - Connection established ChannelHandlerContext(ClientConnectionInboundHandler#0, [id: 0xd2dc5c42]) 
[epollEventLoopGroup-10-1] INFO io.pravega.shared.protocol.netty.FailingReplyProcessor - Received hello: WireCommands.Hello(type=HELLO, highVersion=5, lowVersion=5)
[epollEventLoopGroup-10-1] INFO io.pravega.client.segment.impl.SegmentOutputStreamImpl - Received AppendSetup WireCommands.AppendSetup(type=APPEND_SETUP, requestId=1, segment=test/leaderElection/0.#epoch.0, writerId=fb89521a-0f90-4335-8cff-2ae92994e4ba, lastEventNumber=-9223372036854775808)
[epollEventLoopGroup-10-1] INFO io.pravega.client.segment.impl.SegmentOutputStreamImpl - Connection setup complete for writer fb89521a-0f90-4335-8cff-2ae92994e4ba
[epollEventLoopGroup-10-2] INFO io.pravega.client.netty.impl.ClientConnectionInboundHandler - Connection established ChannelHandlerContext(ClientConnectionInboundHandler#0, [id: 0x3b337721]) 
[epollEventLoopGroup-10-2] INFO io.pravega.client.netty.impl.RawClient - Received hello: WireCommands.Hello(type=HELLO, highVersion=5, lowVersion=5)
[epollEventLoopGroup-10-2] INFO io.pravega.client.netty.impl.ClientConnectionInboundHandler - Connection established ChannelHandlerContext(ClientConnectionInboundHandler#0, [id: 0x2d16f8db]) 
[epollEventLoopGroup-10-2] INFO io.pravega.client.netty.impl.RawClient - Received hello: WireCommands.Hello(type=HELLO, highVersion=5, lowVersion=5)
[pool-7-thread-1] INFO io.pravega.leaderelection.Client$Callback_Instance - The leader: Host-0 is crashed 
[pool-7-thread-1] INFO io.pravega.leaderelection.Client$Callback_Instance - The new leader is: Host-1
[Test worker] WARN io.pravega.client.ClientConfig - The credentials are not specified or could not be extracted.
[Test worker] WARN io.pravega.client.ClientConfig - The credentials are not specified or could not be extracted.
[Test worker] INFO io.pravega.client.stream.impl.ControllerImpl - Controller client connecting to server at 127.0.0.1:9090
[Test worker] WARN io.pravega.client.ClientConfig - The credentials are not specified or could not be extracted.
[Test worker] WARN io.pravega.client.ClientConfig - The credentials are not specified or could not be extracted.
[Test worker] INFO io.pravega.client.stream.impl.ControllerImpl - Controller client connecting to server at 127.0.0.1:9090
[Thread-5] INFO io.pravega.client.state.impl.StateSynchronizerImpl - Closing stateSynchronizer 
[epollEventLoopGroup-5-2] INFO io.pravega.client.segment.impl.SegmentOutputStreamImpl - Failing connection for writer 6cc26950-3ac8-4ad8-94f3-49a96b61ab3c with exception io.pravega.shared.protocol.netty.ConnectionFailedException
[epollEventLoopGroup-5-2] INFO io.pravega.client.segment.impl.SegmentOutputStreamImpl - Handling exception io.pravega.shared.protocol.netty.ConnectionFailedException for connection io.pravega.client.netty.impl.ClientConnectionInboundHandler@5399f6f3 on writer 6cc26950-3ac8-4ad8-94f3-49a96b61ab3c. SetupCompleted: true, Closed: true
[Thread-5] INFO io.pravega.client.segment.impl.ConditionalOutputStreamImpl - Closing segment metadata connection for test/leaderElection/0.#epoch.0
[Thread-5] INFO io.pravega.client.segment.impl.ConditionalOutputStreamImpl - Closing connection as a result of receiving: Closed call
[Thread-5] INFO io.pravega.client.netty.impl.RawClient - Closing connection with exception: null
[epollEventLoopGroup-5-2] INFO io.pravega.client.netty.impl.RawClient - Closing connection with exception: null
[Thread-5] INFO io.pravega.client.segment.impl.SegmentMetadataClientImpl - Closing segment metadata connection for test/leaderElection/0.#epoch.0
[Thread-5] INFO io.pravega.client.segment.impl.SegmentMetadataClientImpl - Closing connection with exception: null
[Thread-5] INFO io.pravega.client.netty.impl.RawClient - Closing connection with exception: null
[StreamManager-Controller-1] INFO io.pravega.client.stream.impl.ControllerResolverFactory - Updating client with controllers: [[addrs=[/127.0.0.1:9090], attrs={}]]
[epollEventLoopGroup-5-1] INFO io.pravega.client.netty.impl.RawClient - Closing connection with exception: null
[Thread-5] INFO io.pravega.client.segment.impl.AsyncSegmentInputStreamImpl - Closing reader for test/leaderElection/0.#epoch.0
[Thread-5] INFO io.pravega.client.segment.impl.AsyncSegmentInputStreamImpl - Closing connection to segment: test/leaderElection/0.#epoch.0
[epollEventLoopGroup-5-1] INFO io.pravega.client.segment.impl.AsyncSegmentInputStreamImpl - Closing connection to segment: test/leaderElection/0.#epoch.0
[epollEventLoopGroup-5-1] INFO io.pravega.client.segment.impl.AsyncSegmentInputStreamImpl - Connection failed due to a io.pravega.shared.protocol.netty.ConnectionFailedException. Read requests will be retransmitted.
[Thread-5] INFO io.pravega.client.segment.impl.AsyncSegmentInputStreamImpl - Connection failed due to a io.pravega.client.stream.impl.ConnectionClosedException. Read requests will be retransmitted.
[Thread-5] INFO io.pravega.client.stream.impl.ControllerResolverFactory - Shutting down ControllerNameResolver
[Thread-5] INFO io.pravega.client.stream.impl.ControllerResolverFactory - Shutting down ControllerNameResolver
[Thread-5] INFO io.pravega.client.netty.impl.ConnectionFactoryImpl - Shutting down connection factory
[grpc-default-executor-0] WARN io.pravega.client.stream.impl.ControllerImpl - Scope already exists: test
[Test worker] INFO io.pravega.client.admin.impl.StreamManagerImpl - Creating scope/stream: test/leaderElection with configuration: StreamConfiguration(scope=null, streamName=null, scalingPolicy=ScalingPolicy(scaleType=FIXED_NUM_SEGMENTS, targetRate=0, scaleFactor=0, minNumSegments=1), retentionPolicy=null)
[grpc-default-executor-0] WARN io.pravega.client.stream.impl.ControllerImpl - Stream already exists: leaderElection
[Test worker] INFO io.pravega.client.stream.impl.ClientFactoryImpl - Creating state synchronizer with stream: leaderElection and configuration: SynchronizerConfig(eventWriterConfig=EventWriterConfig(initalBackoffMillis=1, maxBackoffMillis=20000, retryAttempts=10, backoffMultiple=10, transactionTimeoutTime=29999))
[clientInternal-1] INFO io.pravega.client.stream.impl.ControllerResolverFactory - Updating client with controllers: [[addrs=[/127.0.0.1:9090], attrs={}]]
[Test worker] INFO io.pravega.client.stream.impl.ClientFactoryImpl - Creating revisioned stream client for stream: leaderElection with synchronizer configuration: SynchronizerConfig(eventWriterConfig=EventWriterConfig(initalBackoffMillis=1, maxBackoffMillis=20000, retryAttempts=10, backoffMultiple=10, transactionTimeoutTime=29999))
[epollEventLoopGroup-11-1] INFO io.pravega.client.netty.impl.ClientConnectionInboundHandler - Connection established ChannelHandlerContext(ClientConnectionInboundHandler#0, [id: 0xb0655111]) 
[clientInternal-1] INFO io.pravega.client.segment.impl.SegmentOutputStreamImpl - Fetching endpoint for segment test/leaderElection/0.#epoch.0, writerID: c94201af-9116-4617-9663-85902497310b
[epollEventLoopGroup-11-1] INFO io.pravega.shared.protocol.netty.FailingReplyProcessor - Received hello: WireCommands.Hello(type=HELLO, highVersion=5, lowVersion=5)
[clientInternal-1] INFO io.pravega.client.segment.impl.SegmentOutputStreamImpl - Establishing connection to PravegaNodeUri(endpoint=127.0.1.1, port=6000) for test/leaderElection/0.#epoch.0, writerID: c94201af-9116-4617-9663-85902497310b
[epollEventLoopGroup-11-1] INFO io.pravega.client.netty.impl.ClientConnectionInboundHandler - Connection established ChannelHandlerContext(ClientConnectionInboundHandler#0, [id: 0x87e5f071]) 
[epollEventLoopGroup-11-1] INFO io.pravega.shared.protocol.netty.FailingReplyProcessor - Received hello: WireCommands.Hello(type=HELLO, highVersion=5, lowVersion=5)
[epollEventLoopGroup-11-1] INFO io.pravega.client.segment.impl.SegmentOutputStreamImpl - Received AppendSetup WireCommands.AppendSetup(type=APPEND_SETUP, requestId=1, segment=test/leaderElection/0.#epoch.0, writerId=c94201af-9116-4617-9663-85902497310b, lastEventNumber=-9223372036854775808)
[epollEventLoopGroup-11-1] INFO io.pravega.client.segment.impl.SegmentOutputStreamImpl - Connection setup complete for writer c94201af-9116-4617-9663-85902497310b
[epollEventLoopGroup-11-2] INFO io.pravega.client.netty.impl.ClientConnectionInboundHandler - Connection established ChannelHandlerContext(ClientConnectionInboundHandler#0, [id: 0x4d30995b]) 
[epollEventLoopGroup-11-2] INFO io.pravega.client.netty.impl.RawClient - Received hello: WireCommands.Hello(type=HELLO, highVersion=5, lowVersion=5)
[epollEventLoopGroup-11-2] INFO io.pravega.client.netty.impl.ClientConnectionInboundHandler - Connection established ChannelHandlerContext(ClientConnectionInboundHandler#0, [id: 0xaa963314]) 
[epollEventLoopGroup-11-2] INFO io.pravega.client.netty.impl.RawClient - Received hello: WireCommands.Hello(type=HELLO, highVersion=5, lowVersion=5)
[Thread-10] INFO io.pravega.client.state.impl.StateSynchronizerImpl - Closing stateSynchronizer 
[Thread-10] INFO io.pravega.client.segment.impl.ConditionalOutputStreamImpl - Closing segment metadata connection for test/leaderElection/0.#epoch.0
[Thread-10] INFO io.pravega.client.segment.impl.ConditionalOutputStreamImpl - Closing connection as a result of receiving: Closed call
[Thread-10] INFO io.pravega.client.netty.impl.RawClient - Closing connection with exception: null
[Thread-10] INFO io.pravega.client.segment.impl.SegmentMetadataClientImpl - Closing segment metadata connection for test/leaderElection/0.#epoch.0
[Thread-10] INFO io.pravega.client.segment.impl.SegmentMetadataClientImpl - Closing connection with exception: null
[Thread-10] INFO io.pravega.client.netty.impl.RawClient - Closing connection with exception: null
[Thread-10] INFO io.pravega.client.segment.impl.AsyncSegmentInputStreamImpl - Closing reader for test/leaderElection/0.#epoch.0
[Thread-10] INFO io.pravega.client.segment.impl.AsyncSegmentInputStreamImpl - Closing connection to segment: test/leaderElection/0.#epoch.0
[Thread-10] INFO io.pravega.client.segment.impl.AsyncSegmentInputStreamImpl - Connection failed due to a io.pravega.client.stream.impl.ConnectionClosedException. Read requests will be retransmitted.
[Thread-10] INFO io.pravega.client.stream.impl.ControllerResolverFactory - Shutting down ControllerNameResolver
[epollEventLoopGroup-10-2] INFO io.pravega.client.netty.impl.RawClient - Closing connection with exception: null
[epollEventLoopGroup-10-2] INFO io.pravega.client.netty.impl.RawClient - Closing connection with exception: null
[epollEventLoopGroup-10-1] INFO io.pravega.client.segment.impl.SegmentOutputStreamImpl - Failing connection for writer fb89521a-0f90-4335-8cff-2ae92994e4ba with exception io.pravega.shared.protocol.netty.ConnectionFailedException
[epollEventLoopGroup-10-1] INFO io.pravega.client.segment.impl.SegmentOutputStreamImpl - Handling exception io.pravega.shared.protocol.netty.ConnectionFailedException for connection io.pravega.client.netty.impl.ClientConnectionInboundHandler@2e651bd7 on writer fb89521a-0f90-4335-8cff-2ae92994e4ba. SetupCompleted: true, Closed: true
[epollEventLoopGroup-10-1] INFO io.pravega.client.segment.impl.AsyncSegmentInputStreamImpl - Closing connection to segment: test/leaderElection/0.#epoch.0
[epollEventLoopGroup-10-1] INFO io.pravega.client.segment.impl.AsyncSegmentInputStreamImpl - Connection failed due to a io.pravega.shared.protocol.netty.ConnectionFailedException. Read requests will be retransmitted.
[Thread-10] INFO io.pravega.client.stream.impl.ControllerResolverFactory - Shutting down ControllerNameResolver
[Thread-10] INFO io.pravega.client.netty.impl.ConnectionFactoryImpl - Shutting down connection factory
[Thread-9] INFO io.pravega.client.state.impl.StateSynchronizerImpl - Closing stateSynchronizer 
[epollEventLoopGroup-9-1] INFO io.pravega.client.segment.impl.SegmentOutputStreamImpl - Failing connection for writer 91aa41a7-8d6d-4fb9-8e70-e39471d6e9a7 with exception io.pravega.shared.protocol.netty.ConnectionFailedException
[epollEventLoopGroup-9-1] INFO io.pravega.client.segment.impl.SegmentOutputStreamImpl - Handling exception io.pravega.shared.protocol.netty.ConnectionFailedException for connection io.pravega.client.netty.impl.ClientConnectionInboundHandler@77e3c31 on writer 91aa41a7-8d6d-4fb9-8e70-e39471d6e9a7. SetupCompleted: true, Closed: true
[Thread-9] INFO io.pravega.client.segment.impl.ConditionalOutputStreamImpl - Closing segment metadata connection for test/leaderElection/0.#epoch.0
[Thread-9] INFO io.pravega.client.segment.impl.ConditionalOutputStreamImpl - Closing connection as a result of receiving: Closed call
[Thread-9] INFO io.pravega.client.netty.impl.RawClient - Closing connection with exception: null
[epollEventLoopGroup-9-2] INFO io.pravega.client.netty.impl.RawClient - Closing connection with exception: null
[Thread-9] INFO io.pravega.client.segment.impl.SegmentMetadataClientImpl - Closing segment metadata connection for test/leaderElection/0.#epoch.0
[Thread-9] INFO io.pravega.client.segment.impl.SegmentMetadataClientImpl - Closing connection with exception: null
[Thread-9] INFO io.pravega.client.netty.impl.RawClient - Closing connection with exception: null
[epollEventLoopGroup-9-2] INFO io.pravega.client.netty.impl.RawClient - Closing connection with exception: null
[Thread-9] INFO io.pravega.client.segment.impl.AsyncSegmentInputStreamImpl - Closing reader for test/leaderElection/0.#epoch.0
[Thread-9] INFO io.pravega.client.segment.impl.AsyncSegmentInputStreamImpl - Closing connection to segment: test/leaderElection/0.#epoch.0
[epollEventLoopGroup-9-1] INFO io.pravega.client.segment.impl.AsyncSegmentInputStreamImpl - Closing connection to segment: test/leaderElection/0.#epoch.0
[epollEventLoopGroup-9-1] INFO io.pravega.client.segment.impl.AsyncSegmentInputStreamImpl - Connection failed due to a io.pravega.shared.protocol.netty.ConnectionFailedException. Read requests will be retransmitted.
[Thread-9] INFO io.pravega.client.segment.impl.AsyncSegmentInputStreamImpl - Connection failed due to a io.pravega.client.stream.impl.ConnectionClosedException. Read requests will be retransmitted.
[Thread-9] INFO io.pravega.client.stream.impl.ControllerResolverFactory - Shutting down ControllerNameResolver
[Thread-9] INFO io.pravega.client.stream.impl.ControllerResolverFactory - Shutting down ControllerNameResolver
[Thread-9] INFO io.pravega.client.netty.impl.ConnectionFactoryImpl - Shutting down connection factory
[Test worker] WARN io.pravega.client.ClientConfig - The credentials are not specified or could not be extracted.
[Test worker] WARN io.pravega.client.ClientConfig - The credentials are not specified or could not be extracted.
[Test worker] INFO io.pravega.client.stream.impl.ControllerImpl - Controller client connecting to server at 127.0.0.1:9090
[Test worker] WARN io.pravega.client.ClientConfig - The credentials are not specified or could not be extracted.
[Test worker] WARN io.pravega.client.ClientConfig - The credentials are not specified or could not be extracted.
[Test worker] INFO io.pravega.client.stream.impl.ControllerImpl - Controller client connecting to server at 127.0.0.1:9090
[StreamManager-Controller-1] INFO io.pravega.client.stream.impl.ControllerResolverFactory - Updating client with controllers: [[addrs=[/127.0.0.1:9090], attrs={}]]
[grpc-default-executor-1] WARN io.pravega.client.stream.impl.ControllerImpl - Scope already exists: test
[Test worker] INFO io.pravega.client.admin.impl.StreamManagerImpl - Creating scope/stream: test/leaderElection with configuration: StreamConfiguration(scope=null, streamName=null, scalingPolicy=ScalingPolicy(scaleType=FIXED_NUM_SEGMENTS, targetRate=0, scaleFactor=0, minNumSegments=1), retentionPolicy=null)
[grpc-default-executor-1] WARN io.pravega.client.stream.impl.ControllerImpl - Stream already exists: leaderElection
[Test worker] INFO io.pravega.client.stream.impl.ClientFactoryImpl - Creating state synchronizer with stream: leaderElection and configuration: SynchronizerConfig(eventWriterConfig=EventWriterConfig(initalBackoffMillis=1, maxBackoffMillis=20000, retryAttempts=10, backoffMultiple=10, transactionTimeoutTime=29999))
[clientInternal-1] INFO io.pravega.client.stream.impl.ControllerResolverFactory - Updating client with controllers: [[addrs=[/127.0.0.1:9090], attrs={}]]
[Test worker] INFO io.pravega.client.stream.impl.ClientFactoryImpl - Creating revisioned stream client for stream: leaderElection with synchronizer configuration: SynchronizerConfig(eventWriterConfig=EventWriterConfig(initalBackoffMillis=1, maxBackoffMillis=20000, retryAttempts=10, backoffMultiple=10, transactionTimeoutTime=29999))
[epollEventLoopGroup-12-1] INFO io.pravega.client.netty.impl.ClientConnectionInboundHandler - Connection established ChannelHandlerContext(ClientConnectionInboundHandler#0, [id: 0x210e52f0]) 
[epollEventLoopGroup-12-1] INFO io.pravega.shared.protocol.netty.FailingReplyProcessor - Received hello: WireCommands.Hello(type=HELLO, highVersion=5, lowVersion=5)
[clientInternal-1] INFO io.pravega.client.segment.impl.SegmentOutputStreamImpl - Fetching endpoint for segment test/leaderElection/0.#epoch.0, writerID: 63c60837-98b9-49a0-a66c-749f8eae769f
[clientInternal-1] INFO io.pravega.client.segment.impl.SegmentOutputStreamImpl - Establishing connection to PravegaNodeUri(endpoint=127.0.1.1, port=6000) for test/leaderElection/0.#epoch.0, writerID: 63c60837-98b9-49a0-a66c-749f8eae769f
[epollEventLoopGroup-12-1] INFO io.pravega.client.netty.impl.ClientConnectionInboundHandler - Connection established ChannelHandlerContext(ClientConnectionInboundHandler#0, [id: 0x22e550b7]) 
[epollEventLoopGroup-12-2] INFO io.pravega.client.netty.impl.ClientConnectionInboundHandler - Connection established ChannelHandlerContext(ClientConnectionInboundHandler#0, [id: 0x3929d3a6]) 
[epollEventLoopGroup-12-1] INFO io.pravega.shared.protocol.netty.FailingReplyProcessor - Received hello: WireCommands.Hello(type=HELLO, highVersion=5, lowVersion=5)
[epollEventLoopGroup-12-1] INFO io.pravega.client.segment.impl.SegmentOutputStreamImpl - Received AppendSetup WireCommands.AppendSetup(type=APPEND_SETUP, requestId=1, segment=test/leaderElection/0.#epoch.0, writerId=63c60837-98b9-49a0-a66c-749f8eae769f, lastEventNumber=-9223372036854775808)
[epollEventLoopGroup-12-1] INFO io.pravega.client.segment.impl.SegmentOutputStreamImpl - Connection setup complete for writer 63c60837-98b9-49a0-a66c-749f8eae769f
[epollEventLoopGroup-12-2] INFO io.pravega.client.netty.impl.RawClient - Received hello: WireCommands.Hello(type=HELLO, highVersion=5, lowVersion=5)
[epollEventLoopGroup-12-2] INFO io.pravega.client.netty.impl.ClientConnectionInboundHandler - Connection established ChannelHandlerContext(ClientConnectionInboundHandler#0, [id: 0xc9c0e235]) 
[epollEventLoopGroup-12-2] INFO io.pravega.client.netty.impl.RawClient - Received hello: WireCommands.Hello(type=HELLO, highVersion=5, lowVersion=5)
[Test worker] WARN io.pravega.client.ClientConfig - The credentials are not specified or could not be extracted.
[Test worker] WARN io.pravega.client.ClientConfig - The credentials are not specified or could not be extracted.
[Test worker] INFO io.pravega.client.stream.impl.ControllerImpl - Controller client connecting to server at 127.0.0.1:9090
[Test worker] WARN io.pravega.client.ClientConfig - The credentials are not specified or could not be extracted.
[Test worker] WARN io.pravega.client.ClientConfig - The credentials are not specified or could not be extracted.
[Test worker] INFO io.pravega.client.stream.impl.ControllerImpl - Controller client connecting to server at 127.0.0.1:9090
[StreamManager-Controller-1] INFO io.pravega.client.stream.impl.ControllerResolverFactory - Updating client with controllers: [[addrs=[/127.0.0.1:9090], attrs={}]]
[grpc-default-executor-1] WARN io.pravega.client.stream.impl.ControllerImpl - Scope already exists: test
[Test worker] INFO io.pravega.client.admin.impl.StreamManagerImpl - Creating scope/stream: test/leaderElection with configuration: StreamConfiguration(scope=null, streamName=null, scalingPolicy=ScalingPolicy(scaleType=FIXED_NUM_SEGMENTS, targetRate=0, scaleFactor=0, minNumSegments=1), retentionPolicy=null)
[grpc-default-executor-1] WARN io.pravega.client.stream.impl.ControllerImpl - Stream already exists: leaderElection
[Test worker] INFO io.pravega.client.stream.impl.ClientFactoryImpl - Creating state synchronizer with stream: leaderElection and configuration: SynchronizerConfig(eventWriterConfig=EventWriterConfig(initalBackoffMillis=1, maxBackoffMillis=20000, retryAttempts=10, backoffMultiple=10, transactionTimeoutTime=29999))
[clientInternal-1] INFO io.pravega.client.stream.impl.ControllerResolverFactory - Updating client with controllers: [[addrs=[/127.0.0.1:9090], attrs={}]]
[Test worker] INFO io.pravega.client.stream.impl.ClientFactoryImpl - Creating revisioned stream client for stream: leaderElection with synchronizer configuration: SynchronizerConfig(eventWriterConfig=EventWriterConfig(initalBackoffMillis=1, maxBackoffMillis=20000, retryAttempts=10, backoffMultiple=10, transactionTimeoutTime=29999))
[epollEventLoopGroup-13-1] INFO io.pravega.client.netty.impl.ClientConnectionInboundHandler - Connection established ChannelHandlerContext(ClientConnectionInboundHandler#0, [id: 0xb0484a70]) 
[clientInternal-1] INFO io.pravega.client.segment.impl.SegmentOutputStreamImpl - Fetching endpoint for segment test/leaderElection/0.#epoch.0, writerID: f2cf2aa5-2f33-4b81-ace4-d45576e4d699
[epollEventLoopGroup-13-1] INFO io.pravega.shared.protocol.netty.FailingReplyProcessor - Received hello: WireCommands.Hello(type=HELLO, highVersion=5, lowVersion=5)
[clientInternal-1] INFO io.pravega.client.segment.impl.SegmentOutputStreamImpl - Establishing connection to PravegaNodeUri(endpoint=127.0.1.1, port=6000) for test/leaderElection/0.#epoch.0, writerID: f2cf2aa5-2f33-4b81-ace4-d45576e4d699
[epollEventLoopGroup-13-1] INFO io.pravega.client.netty.impl.ClientConnectionInboundHandler - Connection established ChannelHandlerContext(ClientConnectionInboundHandler#0, [id: 0xb045c095]) 
[epollEventLoopGroup-13-1] INFO io.pravega.client.netty.impl.RawClient - Received hello: WireCommands.Hello(type=HELLO, highVersion=5, lowVersion=5)
[epollEventLoopGroup-13-2] INFO io.pravega.client.netty.impl.ClientConnectionInboundHandler - Connection established ChannelHandlerContext(ClientConnectionInboundHandler#0, [id: 0xf2b22b8d]) 
[epollEventLoopGroup-13-2] INFO io.pravega.shared.protocol.netty.FailingReplyProcessor - Received hello: WireCommands.Hello(type=HELLO, highVersion=5, lowVersion=5)
[epollEventLoopGroup-13-2] INFO io.pravega.client.segment.impl.SegmentOutputStreamImpl - Received AppendSetup WireCommands.AppendSetup(type=APPEND_SETUP, requestId=1, segment=test/leaderElection/0.#epoch.0, writerId=f2cf2aa5-2f33-4b81-ace4-d45576e4d699, lastEventNumber=-9223372036854775808)
[epollEventLoopGroup-13-2] INFO io.pravega.client.segment.impl.SegmentOutputStreamImpl - Connection setup complete for writer f2cf2aa5-2f33-4b81-ace4-d45576e4d699
[epollEventLoopGroup-13-2] INFO io.pravega.client.netty.impl.ClientConnectionInboundHandler - Connection established ChannelHandlerContext(ClientConnectionInboundHandler#0, [id: 0x97b549c0]) 
[epollEventLoopGroup-13-2] INFO io.pravega.client.netty.impl.RawClient - Received hello: WireCommands.Hello(type=HELLO, highVersion=5, lowVersion=5)
[pool-9-thread-1] INFO io.pravega.leaderelection.Client$Callback_Instance - The leader: Host-1 is crashed 
[pool-9-thread-1] INFO io.pravega.leaderelection.Client$Callback_Instance - The new leader is: Host-4
]]></system-err>
</testsuite>
